<?xml version="1.0" encoding="utf-8" standalone="no"?>
<test-results xmlns:xsi="http://www.w3.org/2001/XMLSchema-instance" xsi:noNamespaceSchemaLocation="nunit_schema_2.5.xsd" name="Pester" total="1" errors="0" failures="0" not-run="0" inconclusive="0" ignored="0" skipped="0" invalid="0" date="2025-09-19" time="13:00:25">
  <environment user="Student" machine-name="DESKTOP-NGL97TT" cwd="C:\Users\Student\Documents\Visual Studio Programs\5_SixPowerShellProjects\project3" user-domain="DESKTOP-NGL97TT" platform="Microsoft Windows 11 Pro|C:\Windows|\Device\Harddisk1\Partition1" nunit-version="2.5.8.0" os-version="10.0.26100" clr-version="4.0.30319.42000" />
  <culture-info current-culture="en-US" current-uiculture="en-US" />
  <test-suite type="Powershell" name="Pester" executed="True" result="Success" success="True" time="0.559" asserts="0">
    <results>
      <test-suite type="TestFixture" name="Sample tests" executed="True" result="Success" success="True" time="0.559" asserts="0" description="Sample tests">
        <results>
          <test-case description="adds numbers" name="Sample tests.adds numbers" time="0.559" asserts="0" success="True" result="Success" executed="True" />
        </results>
      </test-suite>
    </results>
  </test-suite>
</test-results>